2023-10-17 20:18:40,460:INFO:PyCaret Supervised Module
2023-10-17 20:18:40,461:INFO:ML Usecase: classification
2023-10-17 20:18:40,461:INFO:version 2.3.10
2023-10-17 20:18:40,461:INFO:Initializing setup()
2023-10-17 20:18:40,461:INFO:setup(target=target_default, ml_usecase=classification, available_plots={'parameter': 'Hyperparameters', 'auc': 'AUC', 'confusion_matrix': 'Confusion Matrix', 'threshold': 'Threshold', 'pr': 'Precision Recall', 'error': 'Prediction Error', 'class_report': 'Class Report', 'rfe': 'Feature Selection', 'learning': 'Learning Curve', 'manifold': 'Manifold Learning', 'calibration': 'Calibration Curve', 'vc': 'Validation Curve', 'dimension': 'Dimensions', 'feature': 'Feature Importance', 'feature_all': 'Feature Importance (All)', 'boundary': 'Decision Boundary', 'lift': 'Lift Chart', 'gain': 'Gain Chart', 'tree': 'Decision Tree', 'ks': 'KS Statistic Plot'}, train_size=0.7, test_data=None, preprocess=True, imputation_type=simple, iterative_imputation_iters=5, categorical_features=None, categorical_imputation=constant, categorical_iterative_imputer=lightgbm, ordinal_features=None, high_cardinality_features=None, high_cardinality_method=frequency, numeric_features=None, numeric_imputation=mean, numeric_iterative_imputer=lightgbm, date_features=None, ignore_features=None, normalize=True, normalize_method=zscore, transformation=False, transformation_method=yeo-johnson, handle_unknown_categorical=True, unknown_categorical_method=least_frequent, pca=False, pca_method=linear, pca_components=None, ignore_low_variance=False, combine_rare_levels=False, rare_level_threshold=0.1, bin_numeric_features=None, remove_outliers=False, outliers_threshold=0.05, remove_multicollinearity=False, multicollinearity_threshold=0.9, remove_perfect_collinearity=True, create_clusters=False, cluster_iter=20, polynomial_features=False, polynomial_degree=2, trigonometry_features=False, polynomial_threshold=0.1, group_features=None, group_names=None, feature_selection=True, feature_selection_threshold=0.8, feature_selection_method=classic, feature_interaction=False, feature_ratio=False, interaction_threshold=0.01, fix_imbalance=True, fix_imbalance_method=None, transform_target=False, transform_target_method=box-cox, data_split_shuffle=True, data_split_stratify=False, fold_strategy=stratifiedkfold, fold=10, fold_shuffle=False, fold_groups=None, n_jobs=-1, use_gpu=False, custom_pipeline=None, html=True, session_id=6327, log_experiment=False, experiment_name=CreditRisk, experiment_custom_tags=None, log_plots=False, log_profile=False, log_data=False, silent=False, verbose=True, profile=False, profile_kwargs=None, display=None)
2023-10-17 20:18:40,461:INFO:Checking environment
2023-10-17 20:18:40,462:INFO:python_version: 3.9.7
2023-10-17 20:18:40,462:INFO:python_build: ('default', 'Sep 16 2021 16:59:28')
2023-10-17 20:18:40,462:INFO:machine: AMD64
2023-10-17 20:18:40,462:INFO:platform: Windows-10-10.0.22621-SP0
2023-10-17 20:18:40,462:INFO:Memory: svmem(total=17113985024, available=7222218752, percent=57.8, used=9891766272, free=7222218752)
2023-10-17 20:18:40,462:INFO:Physical Core: 6
2023-10-17 20:18:40,462:INFO:Logical Core: 6
2023-10-17 20:18:40,462:INFO:Checking libraries
2023-10-17 20:18:40,462:INFO:pd==1.5.3
2023-10-17 20:18:40,462:INFO:numpy==1.20.3
2023-10-17 20:18:40,462:INFO:sklearn==0.23.2
2023-10-17 20:18:40,462:INFO:lightgbm==3.3.2
2023-10-17 20:18:40,463:WARNING:catboost not found
2023-10-17 20:18:40,463:INFO:xgboost==1.7.6
2023-10-17 20:18:40,463:INFO:mlflow==1.28.0
2023-10-17 20:18:40,463:INFO:Checking Exceptions
2023-10-17 20:18:40,463:INFO:Declaring global variables
2023-10-17 20:18:40,463:INFO:USI: 0f26
2023-10-17 20:18:40,463:INFO:pycaret_globals: {'html_param', 'fold_groups_param', 'data_before_preprocess', '_available_plots', 'imputation_classifier', 'master_model_container', 'gpu_param', '_gpu_n_jobs_param', 'stratify_param', 'y', 'fold_shuffle_param', '_ml_usecase', 'X_train', 'fold_groups_param_full', 'prep_pipe', 'create_model_container', '_all_models_internal', 'log_plots_param', 'logging_param', 'target_param', 'y_test', 'y_train', 'imputation_regressor', 'fold_generator', 'USI', 'fold_param', 'iterative_imputation_iters_param', 'n_jobs_param', '_internal_pipeline', 'transform_target_method_param', 'X_test', 'fix_imbalance_method_param', 'exp_name_log', 'dashboard_logger', 'experiment__', 'transform_target_param', '_all_models', 'pycaret_globals', '_all_metrics', 'X', 'fix_imbalance_param', 'display_container', 'seed'}
2023-10-17 20:18:40,464:INFO:Preparing display monitor
2023-10-17 20:18:40,464:INFO:Preparing display monitor
2023-10-17 20:18:40,479:INFO:Importing libraries
2023-10-17 20:18:40,479:INFO:Copying data for preprocessing
2023-10-17 20:18:40,489:INFO:Declaring preprocessing parameters
2023-10-17 20:18:40,500:INFO:Creating preprocessing pipeline
2023-10-17 20:18:40,554:INFO:Preprocessing pipeline created successfully
2023-10-17 20:18:40,554:ERROR:(Process Exit): setup has been interupted with user command 'quit'. setup must rerun.
2023-10-17 20:18:40,554:INFO:Creating global containers
2023-10-17 20:18:40,556:INFO:Internal pipeline: Pipeline(memory=None,
         steps=[('fix_imbalance',
                 SMOTE(k_neighbors=5, n_jobs=None, random_state=6327,
                       sampling_strategy='auto'))],
         verbose=False)
2023-10-17 20:18:55,353:WARNING:Couldn't import catboost.CatBoostClassifier
2023-10-17 20:18:55,433:WARNING:Couldn't import catboost.CatBoostClassifier
2023-10-17 20:18:55,434:INFO:Creating grid variables
2023-10-17 20:18:55,454:INFO:create_model_container: 0
2023-10-17 20:18:55,454:INFO:master_model_container: 0
2023-10-17 20:18:55,454:INFO:display_container: 1
2023-10-17 20:18:55,460:INFO:Pipeline(memory=None,
         steps=[('dtypes',
                 DataTypes_Auto_infer(categorical_features=[],
                                      display_types=True, features_todrop=[],
                                      id_columns=[],
                                      ml_usecase='classification',
                                      numerical_features=[],
                                      target='target_default',
                                      time_features=[])),
                ('imputer',
                 Simple_Imputer(categorical_strategy='not_available',
                                fill_value_categorical=None,
                                fill_value_numerical=None,
                                numer...
                ('fix_perfect', Remove_100(target='target_default')),
                ('clean_names', Clean_Colum_Names()),
                ('feature_select',
                 Advanced_Feature_Selection_Classic(ml_usecase='classification',
                                                    n_jobs=-1,
                                                    random_state=6327,
                                                    subclass='binary',
                                                    target='target_default',
                                                    top_features_to_pick=0.19999999999999996)),
                ('fix_multi', 'passthrough'), ('dfs', 'passthrough'),
                ('pca', 'passthrough')],
         verbose=False)
2023-10-17 20:18:55,460:INFO:setup() succesfully completed......................................
2023-10-17 20:19:09,459:INFO:Initializing compare_models()
2023-10-17 20:19:09,459:INFO:compare_models(include=None, fold=None, round=4, cross_validation=True, sort=Recall, n_select=1, budget_time=None, turbo=True, errors=ignore, fit_kwargs=None, groups=None, experiment_custom_tags=None, probability_threshold=None, verbose=True, display=None, exclude=None)
2023-10-17 20:19:09,459:INFO:Checking exceptions
2023-10-17 20:19:09,460:INFO:Preparing display monitor
2023-10-17 20:19:09,460:INFO:Preparing display monitor
2023-10-17 20:19:09,484:INFO:Initializing Logistic Regression
2023-10-17 20:19:09,484:INFO:Total runtime is 0.0 minutes
2023-10-17 20:19:09,490:INFO:SubProcess create_model() called ==================================
2023-10-17 20:19:09,492:INFO:Initializing create_model()
2023-10-17 20:19:09,492:INFO:create_model(estimator=lr, fold=StratifiedKFold(n_splits=10, random_state=None, shuffle=False), round=4, cross_validation=True, predict=True, fit_kwargs={}, groups=None, refit=False, verbose=False, system=False, metrics=None, experiment_custom_tags=None, add_to_model_list=True, probability_threshold=None, display=<pycaret.internal.Display.Display object at 0x00000249C763A940>, return_train_score=False, kwargs={})
2023-10-17 20:19:09,492:INFO:Checking exceptions
2023-10-17 20:19:09,492:INFO:Importing libraries
2023-10-17 20:19:09,492:INFO:Copying training dataset
2023-10-17 20:19:09,495:INFO:Defining folds
2023-10-17 20:19:09,496:INFO:Declaring metric variables
2023-10-17 20:19:09,502:INFO:Importing untrained model
2023-10-17 20:19:09,509:INFO:Logistic Regression Imported succesfully
2023-10-17 20:19:09,523:INFO:Starting cross validation
2023-10-17 20:19:09,523:INFO:Cross validating with StratifiedKFold(n_splits=10, random_state=None, shuffle=False), n_jobs=-1
2023-10-17 20:19:35,836:WARNING:create_model() for lr raised an exception or returned all 0.0, trying without fit_kwargs:
2023-10-17 20:19:35,842:WARNING:Traceback (most recent call last):
  File "c:\Users\Carlos\anaconda3\lib\site-packages\pycaret\internal\tabular.py", line 2203, in compare_models
    model, model_fit_time = create_model_supervised(**create_model_args)
  File "c:\Users\Carlos\anaconda3\lib\site-packages\pycaret\internal\tabular.py", line 3200, in create_model_supervised
    scores = cross_validate(
  File "c:\Users\Carlos\anaconda3\lib\site-packages\sklearn\utils\validation.py", line 72, in inner_f
    return f(**kwargs)
  File "c:\Users\Carlos\anaconda3\lib\site-packages\sklearn\model_selection\_validation.py", line 242, in cross_validate
    scores = parallel(
  File "c:\Users\Carlos\anaconda3\lib\site-packages\joblib\parallel.py", line 1061, in __call__
    self.retrieve()
  File "c:\Users\Carlos\anaconda3\lib\site-packages\joblib\parallel.py", line 938, in retrieve
    self._output.extend(job.get(timeout=self.timeout))
  File "c:\Users\Carlos\anaconda3\lib\site-packages\joblib\_parallel_backends.py", line 542, in wrap_future_result
    return future.result(timeout=timeout)
  File "c:\Users\Carlos\anaconda3\lib\concurrent\futures\_base.py", line 440, in result
    self._condition.wait(timeout)
  File "c:\Users\Carlos\anaconda3\lib\threading.py", line 312, in wait
    waiter.acquire()
KeyboardInterrupt

2023-10-17 20:19:35,843:INFO:Initializing create_model()
2023-10-17 20:19:35,843:INFO:create_model(estimator=lr, fold=StratifiedKFold(n_splits=10, random_state=None, shuffle=False), round=4, cross_validation=True, predict=True, fit_kwargs={}, groups=None, refit=False, verbose=False, system=False, metrics=None, experiment_custom_tags=None, add_to_model_list=True, probability_threshold=None, display=<pycaret.internal.Display.Display object at 0x00000249C763A940>, return_train_score=False, kwargs={})
2023-10-17 20:19:35,843:INFO:Checking exceptions
2023-10-17 20:19:35,843:INFO:Importing libraries
2023-10-17 20:19:35,843:INFO:Copying training dataset
2023-10-17 20:19:35,846:INFO:Defining folds
2023-10-17 20:19:35,846:INFO:Declaring metric variables
2023-10-17 20:19:35,855:INFO:Importing untrained model
2023-10-17 20:19:35,863:INFO:Logistic Regression Imported succesfully
2023-10-17 20:19:35,883:INFO:Starting cross validation
2023-10-17 20:19:35,884:INFO:Cross validating with StratifiedKFold(n_splits=10, random_state=None, shuffle=False), n_jobs=-1
2023-10-17 20:20:21,825:INFO:Calculating mean and std
2023-10-17 20:20:21,826:INFO:Creating metrics dataframe
2023-10-17 20:20:21,832:INFO:Uploading results into container
2023-10-17 20:20:21,832:INFO:Uploading model into container now
2023-10-17 20:20:21,833:INFO:create_model_container: 1
2023-10-17 20:20:21,833:INFO:master_model_container: 1
2023-10-17 20:20:21,833:INFO:display_container: 2
2023-10-17 20:20:21,834:INFO:LogisticRegression(C=1.0, class_weight=None, dual=False, fit_intercept=True,
                   intercept_scaling=1, l1_ratio=None, max_iter=1000,
                   multi_class='auto', n_jobs=None, penalty='l2',
                   random_state=6327, solver='lbfgs', tol=0.0001, verbose=0,
                   warm_start=False)
2023-10-17 20:20:21,834:INFO:create_model() succesfully completed......................................
2023-10-17 20:20:21,975:INFO:SubProcess create_model() end ==================================
2023-10-17 20:20:21,975:INFO:Creating metrics dataframe
2023-10-17 20:20:21,987:INFO:Initializing K Neighbors Classifier
2023-10-17 20:20:21,987:INFO:Total runtime is 1.2083722790082296 minutes
2023-10-17 20:20:21,996:INFO:SubProcess create_model() called ==================================
2023-10-17 20:20:21,996:INFO:Initializing create_model()
2023-10-17 20:20:21,996:INFO:create_model(estimator=knn, fold=StratifiedKFold(n_splits=10, random_state=None, shuffle=False), round=4, cross_validation=True, predict=True, fit_kwargs={}, groups=None, refit=False, verbose=False, system=False, metrics=None, experiment_custom_tags=None, add_to_model_list=True, probability_threshold=None, display=<pycaret.internal.Display.Display object at 0x00000249C763A940>, return_train_score=False, kwargs={})
2023-10-17 20:20:21,996:INFO:Checking exceptions
2023-10-17 20:20:21,996:INFO:Importing libraries
2023-10-17 20:20:21,996:INFO:Copying training dataset
2023-10-17 20:20:22,002:INFO:Defining folds
2023-10-17 20:20:22,002:INFO:Declaring metric variables
2023-10-17 20:20:22,011:INFO:Importing untrained model
2023-10-17 20:20:22,018:INFO:K Neighbors Classifier Imported succesfully
2023-10-17 20:20:22,037:INFO:Starting cross validation
2023-10-17 20:20:22,038:INFO:Cross validating with StratifiedKFold(n_splits=10, random_state=None, shuffle=False), n_jobs=-1
2023-10-17 20:23:50,472:INFO:PyCaret Supervised Module
2023-10-17 20:23:50,473:INFO:ML Usecase: classification
2023-10-17 20:23:50,473:INFO:version 2.3.10
2023-10-17 20:23:50,473:INFO:Initializing setup()
